c:\users\29357\source\repos\五子棋\五子棋\x64\debug\vc143.pdb
c:\users\29357\source\repos\五子棋\五子棋\x64\debug\vc143.idb
c:\users\29357\source\repos\五子棋\五子棋\x64\debug\源.obj
c:\users\29357\source\repos\五子棋\五子棋\x64\debug\man.obj
c:\users\29357\source\repos\五子棋\五子棋\x64\debug\chessgame.obj
c:\users\29357\source\repos\五子棋\五子棋\x64\debug\chess.obj
c:\users\29357\source\repos\五子棋\五子棋\x64\debug\ai.obj
c:\users\29357\source\repos\五子棋\x64\debug\五子棋.pdb
c:\users\29357\source\repos\五子棋\五子棋\x64\debug\五子棋.tlog\cl.command.1.tlog
c:\users\29357\source\repos\五子棋\五子棋\x64\debug\五子棋.tlog\cl.read.1.tlog
c:\users\29357\source\repos\五子棋\五子棋\x64\debug\五子棋.tlog\cl.write.1.tlog
c:\users\29357\source\repos\五子棋\五子棋\x64\debug\五子棋.tlog\link-cvtres.read.1.tlog
c:\users\29357\source\repos\五子棋\五子棋\x64\debug\五子棋.tlog\link-cvtres.write.1.tlog
c:\users\29357\source\repos\五子棋\五子棋\x64\debug\五子棋.tlog\link-rc.read.1.tlog
c:\users\29357\source\repos\五子棋\五子棋\x64\debug\五子棋.tlog\link-rc.write.1.tlog
c:\users\29357\source\repos\五子棋\五子棋\x64\debug\五子棋.tlog\link.command.1.tlog
c:\users\29357\source\repos\五子棋\五子棋\x64\debug\五子棋.tlog\link.read.1.tlog
c:\users\29357\source\repos\五子棋\五子棋\x64\debug\五子棋.tlog\link.read.2.tlog
c:\users\29357\source\repos\五子棋\五子棋\x64\debug\五子棋.tlog\link.read.3.tlog
c:\users\29357\source\repos\五子棋\五子棋\x64\debug\五子棋.tlog\link.read.4.tlog
c:\users\29357\source\repos\五子棋\五子棋\x64\debug\五子棋.tlog\link.write.1.tlog
